<?xml version="1.0" encoding="UTF-8"?>
<!-- Generated by org.testng.reporters.JUnitXMLReporter -->
<testsuite hostname="C83160" ignored="0" name="Default test" tests="7" failures="0" timestamp="25 May 2017 03:27:11 GMT" time="0.073" errors="0">
  <testcase name="testmethod1" time="0.011" classname="com.test.demo.Hello"/>
  <testcase name="testmethod2" time="0.014" classname="com.test.demo.Hello"/>
  <testcase name="testmethod3" time="0.002" classname="com.test.demo.Hello"/>
  <testcase name="testmethod4" time="0.002" classname="com.test.demo.Hello"/>
  <testcase name="testmethod5" time="0.001" classname="com.test.demo.Hello"/>
  <testcase name="testmethod6" time="0.002" classname="com.test.demo.Hello"/>
  <testcase name="testmethod7" time="0.002" classname="com.test.demo.Hello"/>
</testsuite> <!-- Default test -->
