<?xml version="1.0" encoding="UTF-8"?>
<!-- Generated by org.testng.reporters.JUnitXMLReporter -->
<testsuite hostname="C83160" ignored="0" name="Default test" tests="15" failures="0" timestamp="31 May 2017 18:18:36 GMT" time="0.068" errors="0">
  <testcase name="LogOuttoApplication" time="0.001" classname="com.test.demo.Hello_New"/>
  <testcase name="testmethod20" time="0.0" classname="com.test.demo.Hello_New"/>
  <testcase name="testmethod21" time="0.0" classname="com.test.demo.Hello_New"/>
  <testcase name="testmethod22" time="0.002" classname="com.test.demo.Hello_New"/>
  <testcase name="testmethod23" time="0.001" classname="com.test.demo.Hello_New"/>
  <testcase name="testmethod24" time="0.002" classname="com.test.demo.Hello_New"/>
  <testcase name="LogintoApplication" time="0.001" classname="com.test.demo.Hello"/>
  <testcase name="testmethod2" time="0.001" classname="com.test.demo.Hello"/>
  <testcase name="testmethod3" time="0.001" classname="com.test.demo.Hello"/>
  <testcase name="testmethod4" time="0.001" classname="com.test.demo.Hello"/>
  <testcase name="testmethod5" time="0.001" classname="com.test.demo.Hello"/>
  <testcase name="testmethod6" time="0.001" classname="com.test.demo.Hello"/>
  <testcase name="testmethod7" time="0.001" classname="com.test.demo.Hello"/>
  <testcase name="testmethod8" time="0.001" classname="com.test.demo.Hello"/>
  <testcase name="testmethod9" time="0.001" classname="com.test.demo.Hello"/>
</testsuite> <!-- Default test -->
