<?xml version="1.0" encoding="UTF-8"?>
<testng-results skipped="0" failed="0" ignored="0" total="15" passed="15">
  <reporter-output>
  </reporter-output>
  <suite name="Default suite" duration-ms="68" started-at="2017-05-31T18:18:36Z" finished-at="2017-05-31T18:18:36Z">
    <groups>
    </groups>
    <test name="Default test" duration-ms="68" started-at="2017-05-31T18:18:36Z" finished-at="2017-05-31T18:18:36Z">
      <class name="com.test.demo.Hello">
        <test-method status="PASS" signature="LogintoApplication()[pri:0, instance:com.test.demo.Hello@1bc608f]" name="LogintoApplication" duration-ms="1" started-at="2017-05-31T14:18:36Z" finished-at="2017-05-31T14:18:36Z">
          <reporter-output>
          </reporter-output>
        </test-method> <!-- LogintoApplication -->
        <test-method status="PASS" signature="testmethod2()[pri:0, instance:com.test.demo.Hello@1bc608f]" name="testmethod2" duration-ms="1" started-at="2017-05-31T14:18:36Z" finished-at="2017-05-31T14:18:36Z">
          <reporter-output>
          </reporter-output>
        </test-method> <!-- testmethod2 -->
        <test-method status="PASS" signature="testmethod3()[pri:0, instance:com.test.demo.Hello@1bc608f]" name="testmethod3" duration-ms="1" started-at="2017-05-31T14:18:36Z" finished-at="2017-05-31T14:18:36Z">
          <reporter-output>
          </reporter-output>
        </test-method> <!-- testmethod3 -->
        <test-method status="PASS" signature="testmethod4()[pri:0, instance:com.test.demo.Hello@1bc608f]" name="testmethod4" duration-ms="1" started-at="2017-05-31T14:18:36Z" finished-at="2017-05-31T14:18:36Z">
          <reporter-output>
          </reporter-output>
        </test-method> <!-- testmethod4 -->
        <test-method status="PASS" signature="testmethod5()[pri:0, instance:com.test.demo.Hello@1bc608f]" name="testmethod5" duration-ms="1" started-at="2017-05-31T14:18:36Z" finished-at="2017-05-31T14:18:36Z">
          <reporter-output>
          </reporter-output>
        </test-method> <!-- testmethod5 -->
        <test-method status="PASS" signature="testmethod6()[pri:0, instance:com.test.demo.Hello@1bc608f]" name="testmethod6" duration-ms="1" started-at="2017-05-31T14:18:36Z" finished-at="2017-05-31T14:18:36Z">
          <reporter-output>
          </reporter-output>
        </test-method> <!-- testmethod6 -->
        <test-method status="PASS" signature="testmethod7()[pri:0, instance:com.test.demo.Hello@1bc608f]" name="testmethod7" duration-ms="1" started-at="2017-05-31T14:18:36Z" finished-at="2017-05-31T14:18:36Z">
          <reporter-output>
          </reporter-output>
        </test-method> <!-- testmethod7 -->
        <test-method status="PASS" signature="testmethod8()[pri:0, instance:com.test.demo.Hello@1bc608f]" name="testmethod8" duration-ms="1" started-at="2017-05-31T14:18:36Z" finished-at="2017-05-31T14:18:36Z">
          <reporter-output>
          </reporter-output>
        </test-method> <!-- testmethod8 -->
        <test-method status="PASS" signature="testmethod9()[pri:0, instance:com.test.demo.Hello@1bc608f]" name="testmethod9" duration-ms="1" started-at="2017-05-31T14:18:36Z" finished-at="2017-05-31T14:18:36Z">
          <reporter-output>
          </reporter-output>
        </test-method> <!-- testmethod9 -->
      </class> <!-- com.test.demo.Hello -->
      <class name="com.test.demo.Hello_New">
        <test-method status="PASS" signature="LogOuttoApplication()[pri:0, instance:com.test.demo.Hello_New@14beb6]" name="LogOuttoApplication" duration-ms="1" started-at="2017-05-31T14:18:36Z" finished-at="2017-05-31T14:18:36Z">
          <reporter-output>
          </reporter-output>
        </test-method> <!-- LogOuttoApplication -->
        <test-method status="PASS" signature="testmethod21()[pri:0, instance:com.test.demo.Hello_New@14beb6]" name="testmethod21" duration-ms="0" started-at="2017-05-31T14:18:36Z" finished-at="2017-05-31T14:18:36Z">
          <reporter-output>
          </reporter-output>
        </test-method> <!-- testmethod21 -->
        <test-method status="PASS" signature="testmethod20()[pri:0, instance:com.test.demo.Hello_New@14beb6]" name="testmethod20" duration-ms="0" started-at="2017-05-31T14:18:36Z" finished-at="2017-05-31T14:18:36Z">
          <reporter-output>
          </reporter-output>
        </test-method> <!-- testmethod20 -->
        <test-method status="PASS" signature="testmethod22()[pri:0, instance:com.test.demo.Hello_New@14beb6]" name="testmethod22" duration-ms="2" started-at="2017-05-31T14:18:36Z" finished-at="2017-05-31T14:18:36Z">
          <reporter-output>
          </reporter-output>
        </test-method> <!-- testmethod22 -->
        <test-method status="PASS" signature="testmethod23()[pri:0, instance:com.test.demo.Hello_New@14beb6]" name="testmethod23" duration-ms="1" started-at="2017-05-31T14:18:36Z" finished-at="2017-05-31T14:18:36Z">
          <reporter-output>
          </reporter-output>
        </test-method> <!-- testmethod23 -->
        <test-method status="PASS" signature="testmethod24()[pri:0, instance:com.test.demo.Hello_New@14beb6]" name="testmethod24" duration-ms="2" started-at="2017-05-31T14:18:36Z" finished-at="2017-05-31T14:18:36Z">
          <reporter-output>
          </reporter-output>
        </test-method> <!-- testmethod24 -->
      </class> <!-- com.test.demo.Hello_New -->
    </test> <!-- Default test -->
  </suite> <!-- Default suite -->
</testng-results>
